============================= test session starts ==============================
platform darwin -- Python 3.12.8, pytest-8.3.4, pluggy-1.6.0 -- /Library/Frameworks/Python.framework/Versions/3.12/bin/python3.12
cachedir: .pytest_cache
rootdir: /Users/etorres/BSG/estrategias-integracion-llm-main/proyecto-final
configfile: pytest.ini
plugins: repeat-0.9.4, xdist-3.8.0, asyncio-1.3.0, rerunfailures-16.7, langsmith-0.8.5, deepeval-4.2.3, anyio-4.13.0
asyncio: mode=Mode.STRICT, debug=False, asyncio_default_fixture_loop_scope=None, asyncio_default_test_loop_scope=function
collecting ... collected 6 items

tests/test_contrato.py::test_caso_3_datos_faltantes PASSED               [ 16%]
tests/test_contrato.py::test_caso_3b_datos_faltantes_lista_vacia PASSED  [ 33%]
tests/test_contrato.py::test_caso_4_datos_invalidos_ids_mal_formados PASSED [ 50%]
tests/test_contrato.py::test_caso_4b_sin_autorizacion PASSED             [ 66%]
tests/test_contrato.py::test_caso_5_fallo_de_proveedor PASSED            [ 83%]
tests/test_contrato.py::test_caso_5b_sin_resultados PASSED               [100%]Running teardown with pytest sessionfinish...


============================== 6 passed in 1.68s ===============================
